<?xml version="1.0" encoding="UTF-8"?>
<!-- Generated by org.testng.reporters.JUnitReportReporter -->
<testsuite skipped="0" hostname="LAPTOP-N0G0NBDP" name="com.qa.testScripts.TestCase1" tests="3" failures="0" timestamp="16 May 2021 15:56:34 GMT" time="20.068" errors="0">
  <testcase name="HomePageTest" time="8.571" classname="com.qa.testScripts.TestCase1"/>
  <testcase name="CreateAccountPageTest" time="4.747" classname="com.qa.testScripts.TestCase1"/>
  <testcase name="navigateTest" time="6.750" classname="com.qa.testScripts.TestCase1"/>
</testsuite> <!-- com.qa.testScripts.TestCase1 -->
